<?xml version="1.0" encoding="UTF-8"?>
<!-- Generated by org.testng.reporters.JUnitReportReporter -->
<testsuite hostname="DESKTOP-0NJQK4T" failures="0" tests="1" name="com.qa.orderout.test.Login_testcase" time="13.117" errors="0" timestamp="2023-11-18T13:02:43 IST" skipped="0">
  <testcase classname="com.qa.orderout.test.Login_testcase" name="verifyvalidlogin" time="13.117"/>
</testsuite> <!-- com.qa.orderout.test.Login_testcase -->
